{"C:\\Users\\ruben\\OneDrive\\Documentos\\vscode\\proyect\\App-proy\\backend\\server.js": {"path":"C:\\Users\\ruben\\OneDrive\\Documentos\\vscode\\proyect\\App-proy\\backend\\server.js","statementMap":{"0":{"start":{"line":11,"column":0},"end":{"line":11,"column":16}},"1":{"start":{"line":13,"column":12},"end":{"line":13,"column":21}},"2":{"start":{"line":16,"column":0},"end":{"line":16,"column":24}},"3":{"start":{"line":18,"column":0},"end":{"line":21,"column":1}},"4":{"start":{"line":19,"column":2},"end":{"line":20,"column":70}},"5":{"start":{"line":19,"column":46},"end":{"line":19,"column":80}},"6":{"start":{"line":20,"column":18},"end":{"line":20,"column":68}},"7":{"start":{"line":24,"column":0},"end":{"line":24,"column":30}},"8":{"start":{"line":25,"column":0},"end":{"line":25,"column":28}},"9":{"start":{"line":26,"column":0},"end":{"line":26,"column":48}},"10":{"start":{"line":27,"column":0},"end":{"line":27,"column":29}},"11":{"start":{"line":28,"column":0},"end":{"line":28,"column":39}},"12":{"start":{"line":31,"column":13},"end":{"line":31,"column":37}},"13":{"start":{"line":32,"column":0},"end":{"line":32,"column":80}},"14":{"start":{"line":32,"column":23},"end":{"line":32,"column":78}}},"fnMap":{"0":{"name":"(anonymous_0)","decl":{"start":{"line":19,"column":40},"end":{"line":19,"column":41}},"loc":{"start":{"line":19,"column":46},"end":{"line":19,"column":80}},"line":19},"1":{"name":"(anonymous_1)","decl":{"start":{"line":20,"column":9},"end":{"line":20,"column":10}},"loc":{"start":{"line":20,"column":18},"end":{"line":20,"column":68}},"line":20},"2":{"name":"(anonymous_2)","decl":{"start":{"line":32,"column":17},"end":{"line":32,"column":18}},"loc":{"start":{"line":32,"column":23},"end":{"line":32,"column":78}},"line":32}},"branchMap":{"0":{"loc":{"start":{"line":18,"column":0},"end":{"line":21,"column":1}},"type":"if","locations":[{"start":{"line":18,"column":0},"end":{"line":21,"column":1}},{"start":{},"end":{}}],"line":18},"1":{"loc":{"start":{"line":31,"column":13},"end":{"line":31,"column":37}},"type":"binary-expr","locations":[{"start":{"line":31,"column":13},"end":{"line":31,"column":29}},{"start":{"line":31,"column":33},"end":{"line":31,"column":37}}],"line":31}},"s":{"0":4,"1":4,"2":4,"3":4,"4":0,"5":0,"6":0,"7":4,"8":4,"9":4,"10":4,"11":4,"12":4,"13":4,"14":1},"f":{"0":0,"1":0,"2":1},"b":{"0":[0,4],"1":[4,0]},"_coverageSchema":"1a1c01bbd47fc00a2c39e90264f33305004495a9","hash":"61fef5ff5f7c7a1b9e04ea818fb8149661e23502"}
,"C:\\Users\\ruben\\OneDrive\\Documentos\\vscode\\proyect\\App-proy\\backend\\controllers\\authController.js": {"path":"C:\\Users\\ruben\\OneDrive\\Documentos\\vscode\\proyect\\App-proy\\backend\\controllers\\authController.js","statementMap":{"0":{"start":{"line":7,"column":24},"end":{"line":38,"column":1}},"1":{"start":{"line":8,"column":22},"end":{"line":8,"column":55}},"2":{"start":{"line":9,"column":4},"end":{"line":11,"column":5}},"3":{"start":{"line":10,"column":8},"end":{"line":10,"column":75}},"4":{"start":{"line":13,"column":38},"end":{"line":13,"column":46}},"5":{"start":{"line":15,"column":4},"end":{"line":37,"column":5}},"6":{"start":{"line":17,"column":27},"end":{"line":17,"column":56}},"7":{"start":{"line":18,"column":8},"end":{"line":20,"column":9}},"8":{"start":{"line":19,"column":8},"end":{"line":19,"column":82}},"9":{"start":{"line":23,"column":24},"end":{"line":23,"column":59}},"10":{"start":{"line":24,"column":8},"end":{"line":24,"column":29}},"11":{"start":{"line":27,"column":8},"end":{"line":34,"column":11}},"12":{"start":{"line":36,"column":8},"end":{"line":36,"column":82}},"13":{"start":{"line":41,"column":21},"end":{"line":83,"column":1}},"14":{"start":{"line":43,"column":22},"end":{"line":43,"column":52}},"15":{"start":{"line":44,"column":4},"end":{"line":46,"column":5}},"16":{"start":{"line":45,"column":8},"end":{"line":45,"column":75}},"17":{"start":{"line":48,"column":32},"end":{"line":48,"column":40}},"18":{"start":{"line":50,"column":4},"end":{"line":82,"column":5}},"19":{"start":{"line":52,"column":21},"end":{"line":52,"column":50}},"20":{"start":{"line":53,"column":8},"end":{"line":55,"column":9}},"21":{"start":{"line":54,"column":8},"end":{"line":54,"column":74}},"22":{"start":{"line":58,"column":34},"end":{"line":58,"column":70}},"23":{"start":{"line":59,"column":8},"end":{"line":61,"column":9}},"24":{"start":{"line":60,"column":8},"end":{"line":60,"column":74}},"25":{"start":{"line":64,"column":22},"end":{"line":68,"column":9}},"26":{"start":{"line":70,"column":8},"end":{"line":78,"column":11}},"27":{"start":{"line":80,"column":8},"end":{"line":80,"column":48}},"28":{"start":{"line":81,"column":8},"end":{"line":81,"column":76}},"29":{"start":{"line":86,"column":23},"end":{"line":121,"column":1}},"30":{"start":{"line":88,"column":22},"end":{"line":88,"column":54}},"31":{"start":{"line":89,"column":4},"end":{"line":91,"column":5}},"32":{"start":{"line":90,"column":8},"end":{"line":90,"column":75}},"33":{"start":{"line":93,"column":22},"end":{"line":93,"column":30}},"34":{"start":{"line":95,"column":4},"end":{"line":120,"column":5}},"35":{"start":{"line":97,"column":19},"end":{"line":97,"column":48}},"36":{"start":{"line":98,"column":6},"end":{"line":98,"column":82}},"37":{"start":{"line":98,"column":17},"end":{"line":98,"column":82}},"38":{"start":{"line":101,"column":25},"end":{"line":105,"column":7}},"39":{"start":{"line":108,"column":24},"end":{"line":108,"column":72}},"40":{"start":{"line":111,"column":6},"end":{"line":115,"column":10}},"41":{"start":{"line":117,"column":6},"end":{"line":117,"column":107}},"42":{"start":{"line":119,"column":6},"end":{"line":119,"column":91}},"43":{"start":{"line":124,"column":25},"end":{"line":153,"column":1}},"44":{"start":{"line":126,"column":22},"end":{"line":126,"column":52}},"45":{"start":{"line":127,"column":4},"end":{"line":129,"column":5}},"46":{"start":{"line":128,"column":8},"end":{"line":128,"column":75}},"47":{"start":{"line":131,"column":22},"end":{"line":131,"column":32}},"48":{"start":{"line":132,"column":28},"end":{"line":132,"column":36}},"49":{"start":{"line":134,"column":4},"end":{"line":152,"column":5}},"50":{"start":{"line":136,"column":24},"end":{"line":136,"column":65}},"51":{"start":{"line":139,"column":21},"end":{"line":139,"column":52}},"52":{"start":{"line":140,"column":8},"end":{"line":140,"column":85}},"53":{"start":{"line":140,"column":19},"end":{"line":140,"column":85}},"54":{"start":{"line":143,"column":8},"end":{"line":143,"column":36}},"55":{"start":{"line":144,"column":8},"end":{"line":144,"column":26}},"56":{"start":{"line":146,"column":8},"end":{"line":146,"column":82}},"57":{"start":{"line":148,"column":8},"end":{"line":150,"column":9}},"58":{"start":{"line":149,"column":8},"end":{"line":149,"column":73}},"59":{"start":{"line":151,"column":8},"end":{"line":151,"column":102}}},"fnMap":{"0":{"name":"(anonymous_0)","decl":{"start":{"line":7,"column":24},"end":{"line":7,"column":25}},"loc":{"start":{"line":7,"column":44},"end":{"line":38,"column":1}},"line":7},"1":{"name":"(anonymous_1)","decl":{"start":{"line":41,"column":21},"end":{"line":41,"column":22}},"loc":{"start":{"line":41,"column":41},"end":{"line":83,"column":1}},"line":41},"2":{"name":"(anonymous_2)","decl":{"start":{"line":86,"column":23},"end":{"line":86,"column":24}},"loc":{"start":{"line":86,"column":43},"end":{"line":121,"column":1}},"line":86},"3":{"name":"(anonymous_3)","decl":{"start":{"line":124,"column":25},"end":{"line":124,"column":26}},"loc":{"start":{"line":124,"column":45},"end":{"line":153,"column":1}},"line":124}},"branchMap":{"0":{"loc":{"start":{"line":9,"column":4},"end":{"line":11,"column":5}},"type":"if","locations":[{"start":{"line":9,"column":4},"end":{"line":11,"column":5}},{"start":{},"end":{}}],"line":9},"1":{"loc":{"start":{"line":18,"column":8},"end":{"line":20,"column":9}},"type":"if","locations":[{"start":{"line":18,"column":8},"end":{"line":20,"column":9}},{"start":{},"end":{}}],"line":18},"2":{"loc":{"start":{"line":44,"column":4},"end":{"line":46,"column":5}},"type":"if","locations":[{"start":{"line":44,"column":4},"end":{"line":46,"column":5}},{"start":{},"end":{}}],"line":44},"3":{"loc":{"start":{"line":53,"column":8},"end":{"line":55,"column":9}},"type":"if","locations":[{"start":{"line":53,"column":8},"end":{"line":55,"column":9}},{"start":{},"end":{}}],"line":53},"4":{"loc":{"start":{"line":59,"column":8},"end":{"line":61,"column":9}},"type":"if","locations":[{"start":{"line":59,"column":8},"end":{"line":61,"column":9}},{"start":{},"end":{}}],"line":59},"5":{"loc":{"start":{"line":89,"column":4},"end":{"line":91,"column":5}},"type":"if","locations":[{"start":{"line":89,"column":4},"end":{"line":91,"column":5}},{"start":{},"end":{}}],"line":89},"6":{"loc":{"start":{"line":98,"column":6},"end":{"line":98,"column":82}},"type":"if","locations":[{"start":{"line":98,"column":6},"end":{"line":98,"column":82}},{"start":{},"end":{}}],"line":98},"7":{"loc":{"start":{"line":127,"column":4},"end":{"line":129,"column":5}},"type":"if","locations":[{"start":{"line":127,"column":4},"end":{"line":129,"column":5}},{"start":{},"end":{}}],"line":127},"8":{"loc":{"start":{"line":140,"column":8},"end":{"line":140,"column":85}},"type":"if","locations":[{"start":{"line":140,"column":8},"end":{"line":140,"column":85}},{"start":{},"end":{}}],"line":140},"9":{"loc":{"start":{"line":148,"column":8},"end":{"line":150,"column":9}},"type":"if","locations":[{"start":{"line":148,"column":8},"end":{"line":150,"column":9}},{"start":{},"end":{}}],"line":148}},"s":{"0":4,"1":2,"2":2,"3":0,"4":2,"5":2,"6":2,"7":2,"8":1,"9":1,"10":1,"11":1,"12":0,"13":4,"14":2,"15":2,"16":0,"17":2,"18":2,"19":2,"20":2,"21":0,"22":2,"23":2,"24":1,"25":1,"26":1,"27":0,"28":0,"29":4,"30":0,"31":0,"32":0,"33":0,"34":0,"35":0,"36":0,"37":0,"38":0,"39":0,"40":0,"41":0,"42":0,"43":4,"44":0,"45":0,"46":0,"47":0,"48":0,"49":0,"50":0,"51":0,"52":0,"53":0,"54":0,"55":0,"56":0,"57":0,"58":0,"59":0},"f":{"0":2,"1":2,"2":0,"3":0},"b":{"0":[0,2],"1":[1,1],"2":[0,2],"3":[0,2],"4":[1,1],"5":[0,0],"6":[0,0],"7":[0,0],"8":[0,0],"9":[0,0]},"_coverageSchema":"1a1c01bbd47fc00a2c39e90264f33305004495a9","hash":"41606256ffd40ad3cd052d0073a827a1fdabeca5"}
,"C:\\Users\\ruben\\OneDrive\\Documentos\\vscode\\proyect\\App-proy\\backend\\middleware\\auth.js": {"path":"C:\\Users\\ruben\\OneDrive\\Documentos\\vscode\\proyect\\App-proy\\backend\\middleware\\auth.js","statementMap":{"0":{"start":{"line":4,"column":30},"end":{"line":18,"column":1}},"1":{"start":{"line":5,"column":16},"end":{"line":5,"column":56}},"2":{"start":{"line":7,"column":2},"end":{"line":9,"column":3}},"3":{"start":{"line":8,"column":4},"end":{"line":8,"column":76}},"4":{"start":{"line":11,"column":2},"end":{"line":17,"column":3}},"5":{"start":{"line":12,"column":20},"end":{"line":12,"column":61}},"6":{"start":{"line":13,"column":4},"end":{"line":13,"column":67}},"7":{"start":{"line":14,"column":4},"end":{"line":14,"column":11}},"8":{"start":{"line":16,"column":4},"end":{"line":16,"column":58}}},"fnMap":{"0":{"name":"(anonymous_0)","decl":{"start":{"line":4,"column":30},"end":{"line":4,"column":31}},"loc":{"start":{"line":4,"column":56},"end":{"line":18,"column":1}},"line":4}},"branchMap":{"0":{"loc":{"start":{"line":7,"column":2},"end":{"line":9,"column":3}},"type":"if","locations":[{"start":{"line":7,"column":2},"end":{"line":9,"column":3}},{"start":{},"end":{}}],"line":7}},"s":{"0":4,"1":0,"2":0,"3":0,"4":0,"5":0,"6":0,"7":0,"8":0},"f":{"0":0},"b":{"0":[0,0]},"_coverageSchema":"1a1c01bbd47fc00a2c39e90264f33305004495a9","hash":"1e3c1ca101ced3c8898c8553c7912fa4dbb865a8"}
,"C:\\Users\\ruben\\OneDrive\\Documentos\\vscode\\proyect\\App-proy\\backend\\middleware\\authenticateAdmin.js": {"path":"C:\\Users\\ruben\\OneDrive\\Documentos\\vscode\\proyect\\App-proy\\backend\\middleware\\authenticateAdmin.js","statementMap":{"0":{"start":{"line":3,"column":33},"end":{"line":20,"column":1}},"1":{"start":{"line":4,"column":16},"end":{"line":4,"column":56}},"2":{"start":{"line":6,"column":2},"end":{"line":8,"column":3}},"3":{"start":{"line":7,"column":4},"end":{"line":7,"column":91}},"4":{"start":{"line":10,"column":2},"end":{"line":19,"column":3}},"5":{"start":{"line":11,"column":20},"end":{"line":11,"column":61}},"6":{"start":{"line":12,"column":4},"end":{"line":14,"column":5}},"7":{"start":{"line":13,"column":6},"end":{"line":13,"column":95}},"8":{"start":{"line":15,"column":4},"end":{"line":15,"column":23}},"9":{"start":{"line":16,"column":4},"end":{"line":16,"column":11}},"10":{"start":{"line":18,"column":4},"end":{"line":18,"column":64}}},"fnMap":{"0":{"name":"(anonymous_0)","decl":{"start":{"line":3,"column":33},"end":{"line":3,"column":34}},"loc":{"start":{"line":3,"column":53},"end":{"line":20,"column":1}},"line":3}},"branchMap":{"0":{"loc":{"start":{"line":6,"column":2},"end":{"line":8,"column":3}},"type":"if","locations":[{"start":{"line":6,"column":2},"end":{"line":8,"column":3}},{"start":{},"end":{}}],"line":6},"1":{"loc":{"start":{"line":12,"column":4},"end":{"line":14,"column":5}},"type":"if","locations":[{"start":{"line":12,"column":4},"end":{"line":14,"column":5}},{"start":{},"end":{}}],"line":12}},"s":{"0":4,"1":0,"2":0,"3":0,"4":0,"5":0,"6":0,"7":0,"8":0,"9":0,"10":0},"f":{"0":0},"b":{"0":[0,0],"1":[0,0]},"_coverageSchema":"1a1c01bbd47fc00a2c39e90264f33305004495a9","hash":"c3995dfa5123f4054036c6d824b1e540bb855a90"}
,"C:\\Users\\ruben\\OneDrive\\Documentos\\vscode\\proyect\\App-proy\\backend\\middleware\\authorizeAdmin.js": {"path":"C:\\Users\\ruben\\OneDrive\\Documentos\\vscode\\proyect\\App-proy\\backend\\middleware\\authorizeAdmin.js","statementMap":{"0":{"start":{"line":1,"column":30},"end":{"line":6,"column":3}},"1":{"start":{"line":2,"column":4},"end":{"line":4,"column":5}},"2":{"start":{"line":3,"column":6},"end":{"line":3,"column":103}},"3":{"start":{"line":5,"column":4},"end":{"line":5,"column":11}}},"fnMap":{"0":{"name":"(anonymous_0)","decl":{"start":{"line":1,"column":30},"end":{"line":1,"column":31}},"loc":{"start":{"line":1,"column":50},"end":{"line":6,"column":3}},"line":1}},"branchMap":{"0":{"loc":{"start":{"line":2,"column":4},"end":{"line":4,"column":5}},"type":"if","locations":[{"start":{"line":2,"column":4},"end":{"line":4,"column":5}},{"start":{},"end":{}}],"line":2}},"s":{"0":4,"1":0,"2":0,"3":0},"f":{"0":0},"b":{"0":[0,0]},"_coverageSchema":"1a1c01bbd47fc00a2c39e90264f33305004495a9","hash":"4c71aa1d89580ebafb41d4039c95009676fcea62"}
,"C:\\Users\\ruben\\OneDrive\\Documentos\\vscode\\proyect\\App-proy\\backend\\models\\dish.js": {"path":"C:\\Users\\ruben\\OneDrive\\Documentos\\vscode\\proyect\\App-proy\\backend\\models\\dish.js","statementMap":{"0":{"start":{"line":3,"column":19},"end":{"line":12,"column":1}}},"fnMap":{},"branchMap":{},"s":{"0":4},"f":{},"b":{},"_coverageSchema":"1a1c01bbd47fc00a2c39e90264f33305004495a9","hash":"91214fb91b9503fabb2b6106cfd5124ec6c053d7"}
,"C:\\Users\\ruben\\OneDrive\\Documentos\\vscode\\proyect\\App-proy\\backend\\models\\menu.js": {"path":"C:\\Users\\ruben\\OneDrive\\Documentos\\vscode\\proyect\\App-proy\\backend\\models\\menu.js","statementMap":{"0":{"start":{"line":3,"column":19},"end":{"line":23,"column":1}}},"fnMap":{},"branchMap":{},"s":{"0":4},"f":{},"b":{},"_coverageSchema":"1a1c01bbd47fc00a2c39e90264f33305004495a9","hash":"c1590788468ce5b1523dce67fe3fb78e3d2fae01"}
,"C:\\Users\\ruben\\OneDrive\\Documentos\\vscode\\proyect\\App-proy\\backend\\models\\reservation.js": {"path":"C:\\Users\\ruben\\OneDrive\\Documentos\\vscode\\proyect\\App-proy\\backend\\models\\reservation.js","statementMap":{"0":{"start":{"line":3,"column":26},"end":{"line":31,"column":2}}},"fnMap":{},"branchMap":{},"s":{"0":4},"f":{},"b":{},"_coverageSchema":"1a1c01bbd47fc00a2c39e90264f33305004495a9","hash":"681e872841e6a81dcae6265331868e6b8689ee63"}
,"C:\\Users\\ruben\\OneDrive\\Documentos\\vscode\\proyect\\App-proy\\backend\\models\\usuario.js": {"path":"C:\\Users\\ruben\\OneDrive\\Documentos\\vscode\\proyect\\App-proy\\backend\\models\\usuario.js","statementMap":{"0":{"start":{"line":4,"column":19},"end":{"line":28,"column":4}},"1":{"start":{"line":30,"column":2},"end":{"line":36,"column":5}},"2":{"start":{"line":31,"column":4},"end":{"line":31,"column":52}},"3":{"start":{"line":31,"column":38},"end":{"line":31,"column":52}},"4":{"start":{"line":32,"column":4},"end":{"line":32,"column":58}},"5":{"start":{"line":33,"column":17},"end":{"line":33,"column":41}},"6":{"start":{"line":34,"column":4},"end":{"line":34,"column":59}},"7":{"start":{"line":35,"column":4},"end":{"line":35,"column":11}},"8":{"start":{"line":39,"column":2},"end":{"line":41,"column":4}},"9":{"start":{"line":40,"column":4},"end":{"line":40,"column":60}}},"fnMap":{"0":{"name":"(anonymous_0)","decl":{"start":{"line":30,"column":25},"end":{"line":30,"column":26}},"loc":{"start":{"line":30,"column":47},"end":{"line":36,"column":3}},"line":30},"1":{"name":"(anonymous_1)","decl":{"start":{"line":39,"column":39},"end":{"line":39,"column":40}},"loc":{"start":{"line":39,"column":74},"end":{"line":41,"column":3}},"line":39}},"branchMap":{"0":{"loc":{"start":{"line":31,"column":4},"end":{"line":31,"column":52}},"type":"if","locations":[{"start":{"line":31,"column":4},"end":{"line":31,"column":52}},{"start":{},"end":{}}],"line":31}},"s":{"0":4,"1":4,"2":5,"3":0,"4":5,"5":5,"6":5,"7":5,"8":4,"9":2},"f":{"0":5,"1":2},"b":{"0":[0,5]},"_coverageSchema":"1a1c01bbd47fc00a2c39e90264f33305004495a9","hash":"c4c60b87da2933794705909c7447906cf570f8e9"}
,"C:\\Users\\ruben\\OneDrive\\Documentos\\vscode\\proyect\\App-proy\\backend\\routes\\auth.js": {"path":"C:\\Users\\ruben\\OneDrive\\Documentos\\vscode\\proyect\\App-proy\\backend\\routes\\auth.js","statementMap":{"0":{"start":{"line":4,"column":15},"end":{"line":4,"column":23}},"1":{"start":{"line":6,"column":0},"end":{"line":6,"column":35}},"2":{"start":{"line":8,"column":0},"end":{"line":8,"column":29}},"3":{"start":{"line":10,"column":0},"end":{"line":10,"column":33}},"4":{"start":{"line":12,"column":0},"end":{"line":12,"column":40}}},"fnMap":{},"branchMap":{},"s":{"0":4,"1":4,"2":4,"3":4,"4":4},"f":{},"b":{},"_coverageSchema":"1a1c01bbd47fc00a2c39e90264f33305004495a9","hash":"aa8bf50a54914570296edce160badf496a9ca09f"}
,"C:\\Users\\ruben\\OneDrive\\Documentos\\vscode\\proyect\\App-proy\\backend\\routes\\dishes.js": {"path":"C:\\Users\\ruben\\OneDrive\\Documentos\\vscode\\proyect\\App-proy\\backend\\routes\\dishes.js","statementMap":{"0":{"start":{"line":3,"column":15},"end":{"line":3,"column":23}},"1":{"start":{"line":5,"column":0},"end":{"line":15,"column":7}},"2":{"start":{"line":6,"column":69},"end":{"line":6,"column":77}},"3":{"start":{"line":8,"column":2},"end":{"line":14,"column":7}},"4":{"start":{"line":9,"column":24},"end":{"line":9,"column":42}},"5":{"start":{"line":10,"column":8},"end":{"line":10,"column":29}},"6":{"start":{"line":11,"column":8},"end":{"line":11,"column":38}},"7":{"start":{"line":13,"column":8},"end":{"line":13,"column":55}},"8":{"start":{"line":17,"column":0},"end":{"line":24,"column":3}},"9":{"start":{"line":18,"column":2},"end":{"line":23,"column":3}},"10":{"start":{"line":19,"column":19},"end":{"line":19,"column":36}},"11":{"start":{"line":20,"column":4},"end":{"line":20,"column":33}},"12":{"start":{"line":22,"column":4},"end":{"line":22,"column":51}}},"fnMap":{"0":{"name":"(anonymous_0)","decl":{"start":{"line":5,"column":27},"end":{"line":5,"column":28}},"loc":{"start":{"line":5,"column":47},"end":{"line":15,"column":5}},"line":5},"1":{"name":"(anonymous_1)","decl":{"start":{"line":17,"column":25},"end":{"line":17,"column":26}},"loc":{"start":{"line":17,"column":45},"end":{"line":24,"column":1}},"line":17}},"branchMap":{},"s":{"0":4,"1":4,"2":1,"3":1,"4":1,"5":1,"6":1,"7":0,"8":4,"9":1,"10":1,"11":1,"12":0},"f":{"0":1,"1":1},"b":{},"_coverageSchema":"1a1c01bbd47fc00a2c39e90264f33305004495a9","hash":"8e079e1bba9698335dd274b91129d1c580f9906f"}
,"C:\\Users\\ruben\\OneDrive\\Documentos\\vscode\\proyect\\App-proy\\backend\\routes\\menu.js": {"path":"C:\\Users\\ruben\\OneDrive\\Documentos\\vscode\\proyect\\App-proy\\backend\\routes\\menu.js","statementMap":{"0":{"start":{"line":4,"column":15},"end":{"line":4,"column":23}},"1":{"start":{"line":6,"column":0},"end":{"line":23,"column":3}},"2":{"start":{"line":7,"column":60},"end":{"line":7,"column":68}},"3":{"start":{"line":9,"column":2},"end":{"line":22,"column":3}},"4":{"start":{"line":10,"column":18},"end":{"line":10,"column":56}},"5":{"start":{"line":13,"column":17},"end":{"line":17,"column":5}},"6":{"start":{"line":19,"column":4},"end":{"line":19,"column":31}},"7":{"start":{"line":21,"column":4},"end":{"line":21,"column":84}},"8":{"start":{"line":27,"column":0},"end":{"line":38,"column":3}},"9":{"start":{"line":28,"column":16},"end":{"line":28,"column":54}},"10":{"start":{"line":29,"column":2},"end":{"line":37,"column":3}},"11":{"start":{"line":30,"column":17},"end":{"line":30,"column":52}},"12":{"start":{"line":31,"column":4},"end":{"line":33,"column":5}},"13":{"start":{"line":32,"column":6},"end":{"line":32,"column":71}},"14":{"start":{"line":34,"column":4},"end":{"line":34,"column":31}},"15":{"start":{"line":36,"column":4},"end":{"line":36,"column":81}}},"fnMap":{"0":{"name":"(anonymous_0)","decl":{"start":{"line":6,"column":26},"end":{"line":6,"column":27}},"loc":{"start":{"line":6,"column":46},"end":{"line":23,"column":1}},"line":6},"1":{"name":"(anonymous_1)","decl":{"start":{"line":27,"column":23},"end":{"line":27,"column":24}},"loc":{"start":{"line":27,"column":43},"end":{"line":38,"column":1}},"line":27}},"branchMap":{"0":{"loc":{"start":{"line":31,"column":4},"end":{"line":33,"column":5}},"type":"if","locations":[{"start":{"line":31,"column":4},"end":{"line":33,"column":5}},{"start":{},"end":{}}],"line":31}},"s":{"0":4,"1":4,"2":2,"3":2,"4":2,"5":2,"6":2,"7":0,"8":4,"9":2,"10":2,"11":2,"12":2,"13":1,"14":1,"15":0},"f":{"0":2,"1":2},"b":{"0":[1,1]},"_coverageSchema":"1a1c01bbd47fc00a2c39e90264f33305004495a9","hash":"2ca082aa8fc4fcec3839e1f6091bd97345aac7c3"}
,"C:\\Users\\ruben\\OneDrive\\Documentos\\vscode\\proyect\\App-proy\\backend\\routes\\protected.js": {"path":"C:\\Users\\ruben\\OneDrive\\Documentos\\vscode\\proyect\\App-proy\\backend\\routes\\protected.js","statementMap":{"0":{"start":{"line":6,"column":15},"end":{"line":6,"column":31}},"1":{"start":{"line":9,"column":0},"end":{"line":11,"column":3}},"2":{"start":{"line":10,"column":2},"end":{"line":10,"column":69}},"3":{"start":{"line":14,"column":0},"end":{"line":16,"column":3}},"4":{"start":{"line":15,"column":2},"end":{"line":15,"column":76}},"5":{"start":{"line":18,"column":0},"end":{"line":25,"column":3}},"6":{"start":{"line":19,"column":2},"end":{"line":24,"column":3}},"7":{"start":{"line":20,"column":25},"end":{"line":20,"column":101}},"8":{"start":{"line":21,"column":4},"end":{"line":21,"column":39}},"9":{"start":{"line":23,"column":4},"end":{"line":23,"column":79}},"10":{"start":{"line":27,"column":0},"end":{"line":48,"column":3}},"11":{"start":{"line":28,"column":21},"end":{"line":28,"column":29}},"12":{"start":{"line":30,"column":2},"end":{"line":32,"column":3}},"13":{"start":{"line":31,"column":4},"end":{"line":31,"column":65}},"14":{"start":{"line":34,"column":2},"end":{"line":47,"column":3}},"15":{"start":{"line":35,"column":24},"end":{"line":35,"column":65}},"16":{"start":{"line":37,"column":4},"end":{"line":39,"column":5}},"17":{"start":{"line":38,"column":6},"end":{"line":38,"column":73}},"18":{"start":{"line":41,"column":4},"end":{"line":41,"column":32}},"19":{"start":{"line":42,"column":4},"end":{"line":42,"column":29}},"20":{"start":{"line":44,"column":4},"end":{"line":44,"column":88}},"21":{"start":{"line":46,"column":4},"end":{"line":46,"column":93}}},"fnMap":{"0":{"name":"(anonymous_0)","decl":{"start":{"line":9,"column":42},"end":{"line":9,"column":43}},"loc":{"start":{"line":9,"column":56},"end":{"line":11,"column":1}},"line":9},"1":{"name":"(anonymous_1)","decl":{"start":{"line":14,"column":62},"end":{"line":14,"column":63}},"loc":{"start":{"line":14,"column":76},"end":{"line":16,"column":1}},"line":14},"2":{"name":"(anonymous_2)","decl":{"start":{"line":18,"column":69},"end":{"line":18,"column":70}},"loc":{"start":{"line":18,"column":89},"end":{"line":25,"column":1}},"line":18},"3":{"name":"(anonymous_3)","decl":{"start":{"line":27,"column":73},"end":{"line":27,"column":74}},"loc":{"start":{"line":27,"column":93},"end":{"line":48,"column":1}},"line":27}},"branchMap":{"0":{"loc":{"start":{"line":30,"column":2},"end":{"line":32,"column":3}},"type":"if","locations":[{"start":{"line":30,"column":2},"end":{"line":32,"column":3}},{"start":{},"end":{}}],"line":30},"1":{"loc":{"start":{"line":37,"column":4},"end":{"line":39,"column":5}},"type":"if","locations":[{"start":{"line":37,"column":4},"end":{"line":39,"column":5}},{"start":{},"end":{}}],"line":37}},"s":{"0":4,"1":4,"2":0,"3":4,"4":0,"5":4,"6":0,"7":0,"8":0,"9":0,"10":4,"11":0,"12":0,"13":0,"14":0,"15":0,"16":0,"17":0,"18":0,"19":0,"20":0,"21":0},"f":{"0":0,"1":0,"2":0,"3":0},"b":{"0":[0,0],"1":[0,0]},"_coverageSchema":"1a1c01bbd47fc00a2c39e90264f33305004495a9","hash":"18ae7356b229c03055645632273f26b290c0b151"}
,"C:\\Users\\ruben\\OneDrive\\Documentos\\vscode\\proyect\\App-proy\\backend\\routes\\reservation.js": {"path":"C:\\Users\\ruben\\OneDrive\\Documentos\\vscode\\proyect\\App-proy\\backend\\routes\\reservation.js","statementMap":{"0":{"start":{"line":6,"column":15},"end":{"line":6,"column":31}},"1":{"start":{"line":7,"column":35},"end":{"line":7,"column":37}},"2":{"start":{"line":10,"column":0},"end":{"line":57,"column":3}},"3":{"start":{"line":11,"column":36},"end":{"line":11,"column":44}},"4":{"start":{"line":13,"column":4},"end":{"line":15,"column":5}},"5":{"start":{"line":14,"column":6},"end":{"line":14,"column":85}},"6":{"start":{"line":17,"column":28},"end":{"line":17,"column":42}},"7":{"start":{"line":18,"column":24},"end":{"line":18,"column":34}},"8":{"start":{"line":20,"column":4},"end":{"line":22,"column":5}},"9":{"start":{"line":21,"column":6},"end":{"line":21,"column":97}},"10":{"start":{"line":25,"column":33},"end":{"line":28,"column":6}},"11":{"start":{"line":30,"column":24},"end":{"line":30,"column":82}},"12":{"start":{"line":30,"column":64},"end":{"line":30,"column":78}},"13":{"start":{"line":32,"column":4},"end":{"line":34,"column":5}},"14":{"start":{"line":33,"column":8},"end":{"line":33,"column":117}},"15":{"start":{"line":36,"column":4},"end":{"line":56,"column":5}},"16":{"start":{"line":37,"column":26},"end":{"line":42,"column":8}},"17":{"start":{"line":44,"column":6},"end":{"line":44,"column":31}},"18":{"start":{"line":47,"column":17},"end":{"line":47,"column":25}},"19":{"start":{"line":48,"column":4},"end":{"line":52,"column":6}},"20":{"start":{"line":53,"column":6},"end":{"line":53,"column":82}},"21":{"start":{"line":55,"column":6},"end":{"line":55,"column":77}},"22":{"start":{"line":60,"column":0},"end":{"line":67,"column":3}},"23":{"start":{"line":61,"column":4},"end":{"line":66,"column":5}},"24":{"start":{"line":62,"column":27},"end":{"line":62,"column":91}},"25":{"start":{"line":63,"column":6},"end":{"line":63,"column":41}},"26":{"start":{"line":65,"column":6},"end":{"line":65,"column":81}},"27":{"start":{"line":70,"column":0},"end":{"line":89,"column":3}},"28":{"start":{"line":71,"column":4},"end":{"line":88,"column":5}},"29":{"start":{"line":72,"column":26},"end":{"line":72,"column":67}},"30":{"start":{"line":74,"column":6},"end":{"line":76,"column":7}},"31":{"start":{"line":75,"column":8},"end":{"line":75,"column":75}},"32":{"start":{"line":78,"column":6},"end":{"line":80,"column":7}},"33":{"start":{"line":79,"column":8},"end":{"line":79,"column":100}},"34":{"start":{"line":82,"column":6},"end":{"line":82,"column":39}},"35":{"start":{"line":83,"column":6},"end":{"line":83,"column":31}},"36":{"start":{"line":85,"column":6},"end":{"line":85,"column":85}},"37":{"start":{"line":87,"column":6},"end":{"line":87,"column":80}}},"fnMap":{"0":{"name":"(anonymous_0)","decl":{"start":{"line":10,"column":39},"end":{"line":10,"column":40}},"loc":{"start":{"line":10,"column":59},"end":{"line":57,"column":1}},"line":10},"1":{"name":"(anonymous_1)","decl":{"start":{"line":30,"column":52},"end":{"line":30,"column":53}},"loc":{"start":{"line":30,"column":64},"end":{"line":30,"column":78}},"line":30},"2":{"name":"(anonymous_2)","decl":{"start":{"line":60,"column":47},"end":{"line":60,"column":48}},"loc":{"start":{"line":60,"column":67},"end":{"line":67,"column":1}},"line":60},"3":{"name":"(anonymous_3)","decl":{"start":{"line":70,"column":45},"end":{"line":70,"column":46}},"loc":{"start":{"line":70,"column":65},"end":{"line":89,"column":1}},"line":70}},"branchMap":{"0":{"loc":{"start":{"line":13,"column":4},"end":{"line":15,"column":5}},"type":"if","locations":[{"start":{"line":13,"column":4},"end":{"line":15,"column":5}},{"start":{},"end":{}}],"line":13},"1":{"loc":{"start":{"line":13,"column":8},"end":{"line":13,"column":34}},"type":"binary-expr","locations":[{"start":{"line":13,"column":8},"end":{"line":13,"column":13}},{"start":{"line":13,"column":17},"end":{"line":13,"column":23}},{"start":{"line":13,"column":27},"end":{"line":13,"column":34}}],"line":13},"2":{"loc":{"start":{"line":20,"column":4},"end":{"line":22,"column":5}},"type":"if","locations":[{"start":{"line":20,"column":4},"end":{"line":22,"column":5}},{"start":{},"end":{}}],"line":20},"3":{"loc":{"start":{"line":32,"column":4},"end":{"line":34,"column":5}},"type":"if","locations":[{"start":{"line":32,"column":4},"end":{"line":34,"column":5}},{"start":{},"end":{}}],"line":32},"4":{"loc":{"start":{"line":74,"column":6},"end":{"line":76,"column":7}},"type":"if","locations":[{"start":{"line":74,"column":6},"end":{"line":76,"column":7}},{"start":{},"end":{}}],"line":74},"5":{"loc":{"start":{"line":78,"column":6},"end":{"line":80,"column":7}},"type":"if","locations":[{"start":{"line":78,"column":6},"end":{"line":80,"column":7}},{"start":{},"end":{}}],"line":78}},"s":{"0":4,"1":4,"2":4,"3":0,"4":0,"5":0,"6":0,"7":0,"8":0,"9":0,"10":0,"11":0,"12":0,"13":0,"14":0,"15":0,"16":0,"17":0,"18":0,"19":0,"20":0,"21":0,"22":4,"23":0,"24":0,"25":0,"26":0,"27":4,"28":0,"29":0,"30":0,"31":0,"32":0,"33":0,"34":0,"35":0,"36":0,"37":0},"f":{"0":0,"1":0,"2":0,"3":0},"b":{"0":[0,0],"1":[0,0,0],"2":[0,0],"3":[0,0],"4":[0,0],"5":[0,0]},"_coverageSchema":"1a1c01bbd47fc00a2c39e90264f33305004495a9","hash":"f253c9c1b3b323d8ade3467fba1bec8b223cc94a"}
,"C:\\Users\\ruben\\OneDrive\\Documentos\\vscode\\proyect\\App-proy\\backend\\schemas\\validation.js": {"path":"C:\\Users\\ruben\\OneDrive\\Documentos\\vscode\\proyect\\App-proy\\backend\\schemas\\validation.js","statementMap":{"0":{"start":{"line":3,"column":23},"end":{"line":7,"column":2}},"1":{"start":{"line":9,"column":20},"end":{"line":12,"column":2}},"2":{"start":{"line":14,"column":22},"end":{"line":16,"column":2}},"3":{"start":{"line":18,"column":20},"end":{"line":20,"column":2}}},"fnMap":{},"branchMap":{},"s":{"0":4,"1":4,"2":4,"3":4},"f":{},"b":{},"_coverageSchema":"1a1c01bbd47fc00a2c39e90264f33305004495a9","hash":"6da603fa91c9c398867f9bb5d3615eac3d9f9d13"}
,"C:\\Users\\ruben\\OneDrive\\Documentos\\vscode\\proyect\\App-proy\\backend\\utils\\sendEmail.js": {"path":"C:\\Users\\ruben\\OneDrive\\Documentos\\vscode\\proyect\\App-proy\\backend\\utils\\sendEmail.js","statementMap":{"0":{"start":{"line":4,"column":0},"end":{"line":4,"column":16}},"1":{"start":{"line":6,"column":18},"end":{"line":23,"column":1}},"2":{"start":{"line":7,"column":22},"end":{"line":13,"column":4}},"3":{"start":{"line":15,"column":22},"end":{"line":20,"column":3}},"4":{"start":{"line":22,"column":2},"end":{"line":22,"column":42}}},"fnMap":{"0":{"name":"(anonymous_0)","decl":{"start":{"line":6,"column":18},"end":{"line":6,"column":19}},"loc":{"start":{"line":6,"column":47},"end":{"line":23,"column":1}},"line":6}},"branchMap":{},"s":{"0":4,"1":4,"2":0,"3":0,"4":0},"f":{"0":0},"b":{},"_coverageSchema":"1a1c01bbd47fc00a2c39e90264f33305004495a9","hash":"ad7993d18b92f794215179cdccaa58d24de81fb3"}
}
